/home/robotics/Dev/ros/prueba_ws/install/paquete_prueba/lib/python3.12/site-packages/paquete_prueba/servidor_accion.py
/home/robotics/Dev/ros/prueba_ws/install/paquete_prueba/lib/python3.12/site-packages/paquete_prueba/cliente_accion.py
/home/robotics/Dev/ros/prueba_ws/install/paquete_prueba/lib/python3.12/site-packages/paquete_prueba/cliente.py
/home/robotics/Dev/ros/prueba_ws/install/paquete_prueba/lib/python3.12/site-packages/paquete_prueba/publicador.py
/home/robotics/Dev/ros/prueba_ws/install/paquete_prueba/lib/python3.12/site-packages/paquete_prueba/__init__.py
/home/robotics/Dev/ros/prueba_ws/install/paquete_prueba/lib/python3.12/site-packages/paquete_prueba/servidor.py
/home/robotics/Dev/ros/prueba_ws/install/paquete_prueba/lib/python3.12/site-packages/paquete_prueba/suscriptor.py
/home/robotics/Dev/ros/prueba_ws/install/paquete_prueba/lib/python3.12/site-packages/paquete_prueba/__pycache__/servidor_accion.cpython-312.pyc
/home/robotics/Dev/ros/prueba_ws/install/paquete_prueba/lib/python3.12/site-packages/paquete_prueba/__pycache__/cliente_accion.cpython-312.pyc
/home/robotics/Dev/ros/prueba_ws/install/paquete_prueba/lib/python3.12/site-packages/paquete_prueba/__pycache__/cliente.cpython-312.pyc
/home/robotics/Dev/ros/prueba_ws/install/paquete_prueba/lib/python3.12/site-packages/paquete_prueba/__pycache__/publicador.cpython-312.pyc
/home/robotics/Dev/ros/prueba_ws/install/paquete_prueba/lib/python3.12/site-packages/paquete_prueba/__pycache__/__init__.cpython-312.pyc
/home/robotics/Dev/ros/prueba_ws/install/paquete_prueba/lib/python3.12/site-packages/paquete_prueba/__pycache__/servidor.cpython-312.pyc
/home/robotics/Dev/ros/prueba_ws/install/paquete_prueba/lib/python3.12/site-packages/paquete_prueba/__pycache__/suscriptor.cpython-312.pyc
/home/robotics/Dev/ros/prueba_ws/install/paquete_prueba/share/ament_index/resource_index/packages/paquete_prueba
/home/robotics/Dev/ros/prueba_ws/install/paquete_prueba/share/paquete_prueba/package.xml
/home/robotics/Dev/ros/prueba_ws/install/paquete_prueba/share/paquete_prueba/launch/launch_prueba.launch.py
/home/robotics/Dev/ros/prueba_ws/install/paquete_prueba/lib/python3.12/site-packages/paquete_prueba-0.0.0-py3.12.egg-info/PKG-INFO
/home/robotics/Dev/ros/prueba_ws/install/paquete_prueba/lib/python3.12/site-packages/paquete_prueba-0.0.0-py3.12.egg-info/requires.txt
/home/robotics/Dev/ros/prueba_ws/install/paquete_prueba/lib/python3.12/site-packages/paquete_prueba-0.0.0-py3.12.egg-info/SOURCES.txt
/home/robotics/Dev/ros/prueba_ws/install/paquete_prueba/lib/python3.12/site-packages/paquete_prueba-0.0.0-py3.12.egg-info/entry_points.txt
/home/robotics/Dev/ros/prueba_ws/install/paquete_prueba/lib/python3.12/site-packages/paquete_prueba-0.0.0-py3.12.egg-info/dependency_links.txt
/home/robotics/Dev/ros/prueba_ws/install/paquete_prueba/lib/python3.12/site-packages/paquete_prueba-0.0.0-py3.12.egg-info/top_level.txt
/home/robotics/Dev/ros/prueba_ws/install/paquete_prueba/lib/python3.12/site-packages/paquete_prueba-0.0.0-py3.12.egg-info/zip-safe
/home/robotics/Dev/ros/prueba_ws/install/paquete_prueba/lib/paquete_prueba/programa_accion_cliente
/home/robotics/Dev/ros/prueba_ws/install/paquete_prueba/lib/paquete_prueba/programa_accion_servidor
/home/robotics/Dev/ros/prueba_ws/install/paquete_prueba/lib/paquete_prueba/programa_cliente
/home/robotics/Dev/ros/prueba_ws/install/paquete_prueba/lib/paquete_prueba/programa_publicador
/home/robotics/Dev/ros/prueba_ws/install/paquete_prueba/lib/paquete_prueba/programa_servidor
/home/robotics/Dev/ros/prueba_ws/install/paquete_prueba/lib/paquete_prueba/programa_suscriptor
