[1.092s] Invoking command in '/home/robotics/Dev/ros/prueba_ws/src/paquete_prueba': DEBUGINFOD_URLS=https://debuginfod.ubuntu.com PYTHONPATH=/home/robotics/Dev/ros/prueba_ws/build/paquete_prueba/prefix_override:/usr/lib/python3/dist-packages/colcon_core/task/python/colcon_distutils_commands:/home/robotics/Dev/ros/prueba_ws/install/paquete_prueba/lib/python3.12/site-packages:${PYTHONPATH} /usr/bin/python3 -W ignore:setup.py install is deprecated -W ignore:easy_install command is deprecated setup.py egg_info --egg-base ../../build/paquete_prueba build --build-base /home/robotics/Dev/ros/prueba_ws/build/paquete_prueba/build install --record /home/robotics/Dev/ros/prueba_ws/build/paquete_prueba/install.log --single-version-externally-managed install_data
[1.244s] running egg_info
[1.244s] creating ../../build/paquete_prueba/paquete_prueba.egg-info
[1.255s] writing ../../build/paquete_prueba/paquete_prueba.egg-info/PKG-INFO
[1.255s] writing dependency_links to ../../build/paquete_prueba/paquete_prueba.egg-info/dependency_links.txt
[1.256s] writing entry points to ../../build/paquete_prueba/paquete_prueba.egg-info/entry_points.txt
[1.256s] writing requirements to ../../build/paquete_prueba/paquete_prueba.egg-info/requires.txt
[1.256s] writing top-level names to ../../build/paquete_prueba/paquete_prueba.egg-info/top_level.txt
[1.256s] writing manifest file '../../build/paquete_prueba/paquete_prueba.egg-info/SOURCES.txt'
[1.278s] reading manifest file '../../build/paquete_prueba/paquete_prueba.egg-info/SOURCES.txt'
[1.278s] writing manifest file '../../build/paquete_prueba/paquete_prueba.egg-info/SOURCES.txt'
[1.278s] running build
[1.278s] running build_py
[1.279s] creating /home/robotics/Dev/ros/prueba_ws/build/paquete_prueba/build
[1.279s] creating /home/robotics/Dev/ros/prueba_ws/build/paquete_prueba/build/lib
[1.279s] creating /home/robotics/Dev/ros/prueba_ws/build/paquete_prueba/build/lib/paquete_prueba
[1.279s] copying paquete_prueba/servidor_accion.py -> /home/robotics/Dev/ros/prueba_ws/build/paquete_prueba/build/lib/paquete_prueba
[1.279s] copying paquete_prueba/cliente_accion.py -> /home/robotics/Dev/ros/prueba_ws/build/paquete_prueba/build/lib/paquete_prueba
[1.279s] copying paquete_prueba/cliente.py -> /home/robotics/Dev/ros/prueba_ws/build/paquete_prueba/build/lib/paquete_prueba
[1.279s] copying paquete_prueba/publicador.py -> /home/robotics/Dev/ros/prueba_ws/build/paquete_prueba/build/lib/paquete_prueba
[1.279s] copying paquete_prueba/__init__.py -> /home/robotics/Dev/ros/prueba_ws/build/paquete_prueba/build/lib/paquete_prueba
[1.279s] copying paquete_prueba/servidor.py -> /home/robotics/Dev/ros/prueba_ws/build/paquete_prueba/build/lib/paquete_prueba
[1.279s] copying paquete_prueba/suscriptor.py -> /home/robotics/Dev/ros/prueba_ws/build/paquete_prueba/build/lib/paquete_prueba
[1.279s] running install
[1.282s] running install_lib
[1.293s] creating /home/robotics/Dev/ros/prueba_ws/install/paquete_prueba/lib/python3.12/site-packages/paquete_prueba
[1.293s] copying /home/robotics/Dev/ros/prueba_ws/build/paquete_prueba/build/lib/paquete_prueba/servidor_accion.py -> /home/robotics/Dev/ros/prueba_ws/install/paquete_prueba/lib/python3.12/site-packages/paquete_prueba
[1.293s] copying /home/robotics/Dev/ros/prueba_ws/build/paquete_prueba/build/lib/paquete_prueba/cliente_accion.py -> /home/robotics/Dev/ros/prueba_ws/install/paquete_prueba/lib/python3.12/site-packages/paquete_prueba
[1.293s] copying /home/robotics/Dev/ros/prueba_ws/build/paquete_prueba/build/lib/paquete_prueba/cliente.py -> /home/robotics/Dev/ros/prueba_ws/install/paquete_prueba/lib/python3.12/site-packages/paquete_prueba
[1.293s] copying /home/robotics/Dev/ros/prueba_ws/build/paquete_prueba/build/lib/paquete_prueba/publicador.py -> /home/robotics/Dev/ros/prueba_ws/install/paquete_prueba/lib/python3.12/site-packages/paquete_prueba
[1.293s] copying /home/robotics/Dev/ros/prueba_ws/build/paquete_prueba/build/lib/paquete_prueba/__init__.py -> /home/robotics/Dev/ros/prueba_ws/install/paquete_prueba/lib/python3.12/site-packages/paquete_prueba
[1.294s] copying /home/robotics/Dev/ros/prueba_ws/build/paquete_prueba/build/lib/paquete_prueba/servidor.py -> /home/robotics/Dev/ros/prueba_ws/install/paquete_prueba/lib/python3.12/site-packages/paquete_prueba
[1.294s] copying /home/robotics/Dev/ros/prueba_ws/build/paquete_prueba/build/lib/paquete_prueba/suscriptor.py -> /home/robotics/Dev/ros/prueba_ws/install/paquete_prueba/lib/python3.12/site-packages/paquete_prueba
[1.294s] byte-compiling /home/robotics/Dev/ros/prueba_ws/install/paquete_prueba/lib/python3.12/site-packages/paquete_prueba/servidor_accion.py to servidor_accion.cpython-312.pyc
[1.294s] byte-compiling /home/robotics/Dev/ros/prueba_ws/install/paquete_prueba/lib/python3.12/site-packages/paquete_prueba/cliente_accion.py to cliente_accion.cpython-312.pyc
[1.294s] byte-compiling /home/robotics/Dev/ros/prueba_ws/install/paquete_prueba/lib/python3.12/site-packages/paquete_prueba/cliente.py to cliente.cpython-312.pyc
[1.295s] byte-compiling /home/robotics/Dev/ros/prueba_ws/install/paquete_prueba/lib/python3.12/site-packages/paquete_prueba/publicador.py to publicador.cpython-312.pyc
[1.295s] byte-compiling /home/robotics/Dev/ros/prueba_ws/install/paquete_prueba/lib/python3.12/site-packages/paquete_prueba/__init__.py to __init__.cpython-312.pyc
[1.295s] byte-compiling /home/robotics/Dev/ros/prueba_ws/install/paquete_prueba/lib/python3.12/site-packages/paquete_prueba/servidor.py to servidor.cpython-312.pyc
[1.295s] byte-compiling /home/robotics/Dev/ros/prueba_ws/install/paquete_prueba/lib/python3.12/site-packages/paquete_prueba/suscriptor.py to suscriptor.cpython-312.pyc
[1.295s] running install_data
[1.295s] creating /home/robotics/Dev/ros/prueba_ws/install/paquete_prueba/share/ament_index
[1.295s] creating /home/robotics/Dev/ros/prueba_ws/install/paquete_prueba/share/ament_index/resource_index
[1.295s] creating /home/robotics/Dev/ros/prueba_ws/install/paquete_prueba/share/ament_index/resource_index/packages
[1.295s] copying resource/paquete_prueba -> /home/robotics/Dev/ros/prueba_ws/install/paquete_prueba/share/ament_index/resource_index/packages
[1.296s] copying package.xml -> /home/robotics/Dev/ros/prueba_ws/install/paquete_prueba/share/paquete_prueba
[1.296s] running install_egg_info
[1.308s] Copying ../../build/paquete_prueba/paquete_prueba.egg-info to /home/robotics/Dev/ros/prueba_ws/install/paquete_prueba/lib/python3.12/site-packages/paquete_prueba-0.0.0-py3.12.egg-info
[1.308s] running install_scripts
[1.381s] Installing programa_publicador script to /home/robotics/Dev/ros/prueba_ws/install/paquete_prueba/lib/paquete_prueba
[1.381s] Installing programa_suscriptor script to /home/robotics/Dev/ros/prueba_ws/install/paquete_prueba/lib/paquete_prueba
[1.381s] writing list of installed files to '/home/robotics/Dev/ros/prueba_ws/build/paquete_prueba/install.log'
[1.394s] Invoked command in '/home/robotics/Dev/ros/prueba_ws/src/paquete_prueba' returned '0': DEBUGINFOD_URLS=https://debuginfod.ubuntu.com PYTHONPATH=/home/robotics/Dev/ros/prueba_ws/build/paquete_prueba/prefix_override:/usr/lib/python3/dist-packages/colcon_core/task/python/colcon_distutils_commands:/home/robotics/Dev/ros/prueba_ws/install/paquete_prueba/lib/python3.12/site-packages:${PYTHONPATH} /usr/bin/python3 -W ignore:setup.py install is deprecated -W ignore:easy_install command is deprecated setup.py egg_info --egg-base ../../build/paquete_prueba build --build-base /home/robotics/Dev/ros/prueba_ws/build/paquete_prueba/build install --record /home/robotics/Dev/ros/prueba_ws/build/paquete_prueba/install.log --single-version-externally-managed install_data
