[0.440s] Invoking command in '/home/robotics/Dev/ros/prueba_ws/src/paquete_prueba': DEBUGINFOD_URLS=https://debuginfod.ubuntu.com PYTHONPATH=/home/robotics/Dev/ros/prueba_ws/build/paquete_prueba/prefix_override:/usr/lib/python3/dist-packages/colcon_core/task/python/colcon_distutils_commands:/home/robotics/Dev/ros/prueba_ws/install/paquete_prueba/lib/python3.12/site-packages:${PYTHONPATH} /usr/bin/python3 -W ignore:setup.py install is deprecated -W ignore:easy_install command is deprecated setup.py egg_info --egg-base ../../build/paquete_prueba build --build-base /home/robotics/Dev/ros/prueba_ws/build/paquete_prueba/build install --record /home/robotics/Dev/ros/prueba_ws/build/paquete_prueba/install.log --single-version-externally-managed install_data
[0.589s] running egg_info
[0.600s] writing ../../build/paquete_prueba/paquete_prueba.egg-info/PKG-INFO
[0.600s] writing dependency_links to ../../build/paquete_prueba/paquete_prueba.egg-info/dependency_links.txt
[0.600s] writing entry points to ../../build/paquete_prueba/paquete_prueba.egg-info/entry_points.txt
[0.600s] writing requirements to ../../build/paquete_prueba/paquete_prueba.egg-info/requires.txt
[0.600s] writing top-level names to ../../build/paquete_prueba/paquete_prueba.egg-info/top_level.txt
[0.623s] reading manifest file '../../build/paquete_prueba/paquete_prueba.egg-info/SOURCES.txt'
[0.623s] writing manifest file '../../build/paquete_prueba/paquete_prueba.egg-info/SOURCES.txt'
[0.623s] running build
[0.623s] running build_py
[0.624s] copying paquete_prueba/publicador.py -> /home/robotics/Dev/ros/prueba_ws/build/paquete_prueba/build/lib/paquete_prueba
[0.624s] running install
[0.627s] running install_lib
[0.638s] copying /home/robotics/Dev/ros/prueba_ws/build/paquete_prueba/build/lib/paquete_prueba/publicador.py -> /home/robotics/Dev/ros/prueba_ws/install/paquete_prueba/lib/python3.12/site-packages/paquete_prueba
[0.639s] byte-compiling /home/robotics/Dev/ros/prueba_ws/install/paquete_prueba/lib/python3.12/site-packages/paquete_prueba/publicador.py to publicador.cpython-312.pyc
[0.639s] running install_data
[0.639s] running install_egg_info
[0.650s] removing '/home/robotics/Dev/ros/prueba_ws/install/paquete_prueba/lib/python3.12/site-packages/paquete_prueba-0.0.0-py3.12.egg-info' (and everything under it)
[0.651s] Copying ../../build/paquete_prueba/paquete_prueba.egg-info to /home/robotics/Dev/ros/prueba_ws/install/paquete_prueba/lib/python3.12/site-packages/paquete_prueba-0.0.0-py3.12.egg-info
[0.651s] running install_scripts
[0.724s] Installing programa_accion_cliente script to /home/robotics/Dev/ros/prueba_ws/install/paquete_prueba/lib/paquete_prueba
[0.724s] Installing programa_accion_servidor script to /home/robotics/Dev/ros/prueba_ws/install/paquete_prueba/lib/paquete_prueba
[0.724s] Installing programa_cliente script to /home/robotics/Dev/ros/prueba_ws/install/paquete_prueba/lib/paquete_prueba
[0.724s] Installing programa_publicador script to /home/robotics/Dev/ros/prueba_ws/install/paquete_prueba/lib/paquete_prueba
[0.724s] Installing programa_servidor script to /home/robotics/Dev/ros/prueba_ws/install/paquete_prueba/lib/paquete_prueba
[0.724s] Installing programa_suscriptor script to /home/robotics/Dev/ros/prueba_ws/install/paquete_prueba/lib/paquete_prueba
[0.725s] writing list of installed files to '/home/robotics/Dev/ros/prueba_ws/build/paquete_prueba/install.log'
[0.739s] Invoked command in '/home/robotics/Dev/ros/prueba_ws/src/paquete_prueba' returned '0': DEBUGINFOD_URLS=https://debuginfod.ubuntu.com PYTHONPATH=/home/robotics/Dev/ros/prueba_ws/build/paquete_prueba/prefix_override:/usr/lib/python3/dist-packages/colcon_core/task/python/colcon_distutils_commands:/home/robotics/Dev/ros/prueba_ws/install/paquete_prueba/lib/python3.12/site-packages:${PYTHONPATH} /usr/bin/python3 -W ignore:setup.py install is deprecated -W ignore:easy_install command is deprecated setup.py egg_info --egg-base ../../build/paquete_prueba build --build-base /home/robotics/Dev/ros/prueba_ws/build/paquete_prueba/build install --record /home/robotics/Dev/ros/prueba_ws/build/paquete_prueba/install.log --single-version-externally-managed install_data
