[0.455s] Invoking command in '/home/robotics/Dev/ros/prueba_ws/src/paquete_prueba': DEBUGINFOD_URLS=https://debuginfod.ubuntu.com PYTHONPATH=/home/robotics/Dev/ros/prueba_ws/build/paquete_prueba/prefix_override:/usr/lib/python3/dist-packages/colcon_core/task/python/colcon_distutils_commands:/home/robotics/Dev/ros/prueba_ws/install/paquete_prueba/lib/python3.12/site-packages:${PYTHONPATH} /usr/bin/python3 -W ignore:setup.py install is deprecated -W ignore:easy_install command is deprecated setup.py egg_info --egg-base ../../build/paquete_prueba build --build-base /home/robotics/Dev/ros/prueba_ws/build/paquete_prueba/build install --record /home/robotics/Dev/ros/prueba_ws/build/paquete_prueba/install.log --single-version-externally-managed install_data
[0.603s] running egg_info
[0.614s] writing ../../build/paquete_prueba/paquete_prueba.egg-info/PKG-INFO
[0.614s] writing dependency_links to ../../build/paquete_prueba/paquete_prueba.egg-info/dependency_links.txt
[0.614s] writing entry points to ../../build/paquete_prueba/paquete_prueba.egg-info/entry_points.txt
[0.614s] writing requirements to ../../build/paquete_prueba/paquete_prueba.egg-info/requires.txt
[0.614s] writing top-level names to ../../build/paquete_prueba/paquete_prueba.egg-info/top_level.txt
[0.637s] reading manifest file '../../build/paquete_prueba/paquete_prueba.egg-info/SOURCES.txt'
[0.637s] writing manifest file '../../build/paquete_prueba/paquete_prueba.egg-info/SOURCES.txt'
[0.637s] running build
[0.637s] running build_py
[0.637s] running install
[0.641s] running install_lib
[0.652s] running install_data
[0.652s] running install_egg_info
[0.664s] removing '/home/robotics/Dev/ros/prueba_ws/install/paquete_prueba/lib/python3.12/site-packages/paquete_prueba-0.0.0-py3.12.egg-info' (and everything under it)
[0.664s] Copying ../../build/paquete_prueba/paquete_prueba.egg-info to /home/robotics/Dev/ros/prueba_ws/install/paquete_prueba/lib/python3.12/site-packages/paquete_prueba-0.0.0-py3.12.egg-info
[0.664s] running install_scripts
[0.737s] Installing programa_publicador script to /home/robotics/Dev/ros/prueba_ws/install/paquete_prueba/lib/paquete_prueba
[0.737s] Installing programa_suscriptor script to /home/robotics/Dev/ros/prueba_ws/install/paquete_prueba/lib/paquete_prueba
[0.737s] writing list of installed files to '/home/robotics/Dev/ros/prueba_ws/build/paquete_prueba/install.log'
[0.752s] Invoked command in '/home/robotics/Dev/ros/prueba_ws/src/paquete_prueba' returned '0': DEBUGINFOD_URLS=https://debuginfod.ubuntu.com PYTHONPATH=/home/robotics/Dev/ros/prueba_ws/build/paquete_prueba/prefix_override:/usr/lib/python3/dist-packages/colcon_core/task/python/colcon_distutils_commands:/home/robotics/Dev/ros/prueba_ws/install/paquete_prueba/lib/python3.12/site-packages:${PYTHONPATH} /usr/bin/python3 -W ignore:setup.py install is deprecated -W ignore:easy_install command is deprecated setup.py egg_info --egg-base ../../build/paquete_prueba build --build-base /home/robotics/Dev/ros/prueba_ws/build/paquete_prueba/build install --record /home/robotics/Dev/ros/prueba_ws/build/paquete_prueba/install.log --single-version-externally-managed install_data
